{"C:\\Users\\jinse\\foo\\group-project-team-5-buy-and-sell\\backend\\config.js": {"path":"C:\\Users\\jinse\\foo\\group-project-team-5-buy-and-sell\\backend\\config.js","statementMap":{"0":{"start":{"line":1,"column":0},"end":{"line":4,"column":4}}},"fnMap":{},"branchMap":{},"s":{"0":1},"f":{},"b":{},"_coverageSchema":"1a1c01bbd47fc00a2c39e90264f33305004495a9","hash":"4b499a37a6f5d143dc6de0b62ffd87cfaa9449c5"}
,"C:\\Users\\jinse\\foo\\group-project-team-5-buy-and-sell\\backend\\controllers\\auth.js": {"path":"C:\\Users\\jinse\\foo\\group-project-team-5-buy-and-sell\\backend\\controllers\\auth.js","statementMap":{"0":{"start":{"line":1,"column":12},"end":{"line":1,"column":35}},"1":{"start":{"line":2,"column":0},"end":{"line":2,"column":27}},"2":{"start":{"line":11,"column":25},"end":{"line":18,"column":1}},"3":{"start":{"line":12,"column":4},"end":{"line":17,"column":5}},"4":{"start":{"line":13,"column":22},"end":{"line":13,"column":97}},"5":{"start":{"line":14,"column":8},"end":{"line":14,"column":21}},"6":{"start":{"line":16,"column":8},"end":{"line":16,"column":50}},"7":{"start":{"line":28,"column":20},"end":{"line":47,"column":1}},"8":{"start":{"line":29,"column":23},"end":{"line":29,"column":48}},"9":{"start":{"line":30,"column":18},"end":{"line":30,"column":56}},"10":{"start":{"line":32,"column":4},"end":{"line":35,"column":5}},"11":{"start":{"line":33,"column":8},"end":{"line":33,"column":61}},"12":{"start":{"line":34,"column":8},"end":{"line":34,"column":15}},"13":{"start":{"line":37,"column":4},"end":{"line":46,"column":7}},"14":{"start":{"line":38,"column":8},"end":{"line":41,"column":9}},"15":{"start":{"line":39,"column":12},"end":{"line":39,"column":76}},"16":{"start":{"line":40,"column":12},"end":{"line":40,"column":19}},"17":{"start":{"line":43,"column":8},"end":{"line":43,"column":32}},"18":{"start":{"line":44,"column":8},"end":{"line":44,"column":40}},"19":{"start":{"line":45,"column":8},"end":{"line":45,"column":15}},"20":{"start":{"line":49,"column":0},"end":{"line":49,"column":51}}},"fnMap":{"0":{"name":"(anonymous_0)","decl":{"start":{"line":11,"column":25},"end":{"line":11,"column":26}},"loc":{"start":{"line":11,"column":43},"end":{"line":18,"column":1}},"line":11},"1":{"name":"(anonymous_1)","decl":{"start":{"line":28,"column":20},"end":{"line":28,"column":21}},"loc":{"start":{"line":28,"column":40},"end":{"line":47,"column":1}},"line":28},"2":{"name":"(anonymous_2)","decl":{"start":{"line":37,"column":50},"end":{"line":37,"column":51}},"loc":{"start":{"line":37,"column":68},"end":{"line":46,"column":5}},"line":37}},"branchMap":{"0":{"loc":{"start":{"line":30,"column":18},"end":{"line":30,"column":56}},"type":"binary-expr","locations":[{"start":{"line":30,"column":18},"end":{"line":30,"column":28}},{"start":{"line":30,"column":32},"end":{"line":30,"column":56}}],"line":30},"1":{"loc":{"start":{"line":32,"column":4},"end":{"line":35,"column":5}},"type":"if","locations":[{"start":{"line":32,"column":4},"end":{"line":35,"column":5}},{"start":{},"end":{}}],"line":32},"2":{"loc":{"start":{"line":38,"column":8},"end":{"line":41,"column":9}},"type":"if","locations":[{"start":{"line":38,"column":8},"end":{"line":41,"column":9}},{"start":{},"end":{}}],"line":38}},"s":{"0":1,"1":1,"2":1,"3":1,"4":1,"5":1,"6":0,"7":1,"8":3,"9":3,"10":3,"11":1,"12":1,"13":2,"14":2,"15":0,"16":0,"17":2,"18":2,"19":2,"20":1},"f":{"0":1,"1":3,"2":2},"b":{"0":[3,2],"1":[1,2],"2":[0,2]},"_coverageSchema":"1a1c01bbd47fc00a2c39e90264f33305004495a9","hash":"63ba7e1406178520da2fa0e0466d361cba016bac"}
,"C:\\Users\\jinse\\foo\\group-project-team-5-buy-and-sell\\backend\\controllers\\server.js": {"path":"C:\\Users\\jinse\\foo\\group-project-team-5-buy-and-sell\\backend\\controllers\\server.js","statementMap":{"0":{"start":{"line":1,"column":16},"end":{"line":1,"column":34}},"1":{"start":{"line":2,"column":13},"end":{"line":2,"column":28}},"2":{"start":{"line":3,"column":15},"end":{"line":3,"column":32}},"3":{"start":{"line":4,"column":15},"end":{"line":4,"column":32}},"4":{"start":{"line":6,"column":42},"end":{"line":6,"column":59}},"5":{"start":{"line":7,"column":14},"end":{"line":7,"column":40}},"6":{"start":{"line":10,"column":18},"end":{"line":10,"column":48}},"7":{"start":{"line":11,"column":19},"end":{"line":11,"column":50}},"8":{"start":{"line":13,"column":0},"end":{"line":13,"column":16}},"9":{"start":{"line":14,"column":12},"end":{"line":14,"column":21}},"10":{"start":{"line":15,"column":0},"end":{"line":15,"column":24}},"11":{"start":{"line":16,"column":0},"end":{"line":16,"column":48}},"12":{"start":{"line":17,"column":20},"end":{"line":32,"column":1}},"13":{"start":{"line":19,"column":31},"end":{"line":19,"column":112}},"14":{"start":{"line":20,"column":8},"end":{"line":24,"column":9}},"15":{"start":{"line":21,"column":12},"end":{"line":21,"column":33}},"16":{"start":{"line":23,"column":12},"end":{"line":23,"column":55}},"17":{"start":{"line":34,"column":0},"end":{"line":34,"column":27}},"18":{"start":{"line":37,"column":0},"end":{"line":37,"column":27}},"19":{"start":{"line":38,"column":0},"end":{"line":38,"column":30}},"20":{"start":{"line":50,"column":0},"end":{"line":72,"column":3}},"21":{"start":{"line":51,"column":35},"end":{"line":51,"column":43}},"22":{"start":{"line":53,"column":4},"end":{"line":56,"column":5}},"23":{"start":{"line":54,"column":8},"end":{"line":54,"column":75}},"24":{"start":{"line":55,"column":8},"end":{"line":55,"column":15}},"25":{"start":{"line":58,"column":4},"end":{"line":71,"column":5}},"26":{"start":{"line":59,"column":21},"end":{"line":59,"column":60}},"27":{"start":{"line":60,"column":8},"end":{"line":62,"column":9}},"28":{"start":{"line":61,"column":12},"end":{"line":61,"column":81}},"29":{"start":{"line":63,"column":8},"end":{"line":68,"column":9}},"30":{"start":{"line":64,"column":32},"end":{"line":64,"column":73}},"31":{"start":{"line":65,"column":12},"end":{"line":65,"column":50}},"32":{"start":{"line":67,"column":12},"end":{"line":67,"column":81}},"33":{"start":{"line":70,"column":8},"end":{"line":70,"column":56}},"34":{"start":{"line":87,"column":0},"end":{"line":115,"column":3}},"35":{"start":{"line":90,"column":8},"end":{"line":90,"column":16}},"36":{"start":{"line":92,"column":4},"end":{"line":114,"column":5}},"37":{"start":{"line":94,"column":29},"end":{"line":94,"column":68}},"38":{"start":{"line":95,"column":8},"end":{"line":99,"column":9}},"39":{"start":{"line":97,"column":12},"end":{"line":97,"column":89}},"40":{"start":{"line":98,"column":12},"end":{"line":98,"column":19}},"41":{"start":{"line":102,"column":31},"end":{"line":102,"column":62}},"42":{"start":{"line":105,"column":8},"end":{"line":107,"column":11}},"43":{"start":{"line":110,"column":8},"end":{"line":110,"column":88}},"44":{"start":{"line":113,"column":8},"end":{"line":113,"column":71}},"45":{"start":{"line":125,"column":0},"end":{"line":136,"column":3}},"46":{"start":{"line":126,"column":4},"end":{"line":135,"column":5}},"47":{"start":{"line":127,"column":21},"end":{"line":127,"column":59}},"48":{"start":{"line":128,"column":8},"end":{"line":132,"column":9}},"49":{"start":{"line":129,"column":12},"end":{"line":129,"column":62}},"50":{"start":{"line":131,"column":12},"end":{"line":131,"column":27}},"51":{"start":{"line":134,"column":8},"end":{"line":134,"column":63}},"52":{"start":{"line":148,"column":0},"end":{"line":157,"column":3}},"53":{"start":{"line":149,"column":25},"end":{"line":149,"column":33}},"54":{"start":{"line":150,"column":4},"end":{"line":156,"column":5}},"55":{"start":{"line":151,"column":31},"end":{"line":151,"column":62}},"56":{"start":{"line":152,"column":23},"end":{"line":152,"column":90}},"57":{"start":{"line":153,"column":8},"end":{"line":153,"column":54}},"58":{"start":{"line":155,"column":8},"end":{"line":155,"column":65}},"59":{"start":{"line":168,"column":0},"end":{"line":179,"column":3}},"60":{"start":{"line":169,"column":4},"end":{"line":178,"column":5}},"61":{"start":{"line":170,"column":23},"end":{"line":170,"column":60}},"62":{"start":{"line":171,"column":8},"end":{"line":175,"column":9}},"63":{"start":{"line":172,"column":12},"end":{"line":172,"column":74}},"64":{"start":{"line":174,"column":12},"end":{"line":174,"column":50}},"65":{"start":{"line":177,"column":8},"end":{"line":177,"column":65}},"66":{"start":{"line":188,"column":0},"end":{"line":190,"column":3}},"67":{"start":{"line":189,"column":4},"end":{"line":189,"column":61}},"68":{"start":{"line":200,"column":0},"end":{"line":202,"column":3}},"69":{"start":{"line":201,"column":4},"end":{"line":201,"column":77}},"70":{"start":{"line":213,"column":0},"end":{"line":229,"column":3}},"71":{"start":{"line":214,"column":4},"end":{"line":228,"column":5}},"72":{"start":{"line":215,"column":21},"end":{"line":215,"column":64}},"73":{"start":{"line":217,"column":8},"end":{"line":219,"column":9}},"74":{"start":{"line":218,"column":12},"end":{"line":218,"column":69}},"75":{"start":{"line":221,"column":8},"end":{"line":225,"column":11}},"76":{"start":{"line":227,"column":8},"end":{"line":227,"column":72}},"77":{"start":{"line":231,"column":0},"end":{"line":231,"column":21}}},"fnMap":{"0":{"name":"(anonymous_0)","decl":{"start":{"line":18,"column":4},"end":{"line":18,"column":5}},"loc":{"start":{"line":18,"column":29},"end":{"line":25,"column":5}},"line":18},"1":{"name":"(anonymous_1)","decl":{"start":{"line":50,"column":19},"end":{"line":50,"column":20}},"loc":{"start":{"line":50,"column":39},"end":{"line":72,"column":1}},"line":50},"2":{"name":"(anonymous_2)","decl":{"start":{"line":87,"column":22},"end":{"line":87,"column":23}},"loc":{"start":{"line":87,"column":42},"end":{"line":115,"column":1}},"line":87},"3":{"name":"(anonymous_3)","decl":{"start":{"line":125,"column":21},"end":{"line":125,"column":22}},"loc":{"start":{"line":125,"column":41},"end":{"line":136,"column":1}},"line":125},"4":{"name":"(anonymous_4)","decl":{"start":{"line":148,"column":21},"end":{"line":148,"column":22}},"loc":{"start":{"line":148,"column":41},"end":{"line":157,"column":1}},"line":148},"5":{"name":"(anonymous_5)","decl":{"start":{"line":168,"column":24},"end":{"line":168,"column":25}},"loc":{"start":{"line":168,"column":44},"end":{"line":179,"column":1}},"line":168},"6":{"name":"(anonymous_6)","decl":{"start":{"line":188,"column":13},"end":{"line":188,"column":14}},"loc":{"start":{"line":188,"column":27},"end":{"line":190,"column":1}},"line":188},"7":{"name":"(anonymous_7)","decl":{"start":{"line":200,"column":41},"end":{"line":200,"column":42}},"loc":{"start":{"line":200,"column":55},"end":{"line":202,"column":1}},"line":200},"8":{"name":"(anonymous_8)","decl":{"start":{"line":213,"column":34},"end":{"line":213,"column":35}},"loc":{"start":{"line":213,"column":54},"end":{"line":229,"column":1}},"line":213}},"branchMap":{"0":{"loc":{"start":{"line":20,"column":8},"end":{"line":24,"column":9}},"type":"if","locations":[{"start":{"line":20,"column":8},"end":{"line":24,"column":9}},{"start":{"line":22,"column":15},"end":{"line":24,"column":9}}],"line":20},"1":{"loc":{"start":{"line":20,"column":12},"end":{"line":20,"column":60}},"type":"binary-expr","locations":[{"start":{"line":20,"column":12},"end":{"line":20,"column":19}},{"start":{"line":20,"column":23},"end":{"line":20,"column":60}}],"line":20},"2":{"loc":{"start":{"line":53,"column":4},"end":{"line":56,"column":5}},"type":"if","locations":[{"start":{"line":53,"column":4},"end":{"line":56,"column":5}},{"start":{},"end":{}}],"line":53},"3":{"loc":{"start":{"line":53,"column":8},"end":{"line":53,"column":30}},"type":"binary-expr","locations":[{"start":{"line":53,"column":8},"end":{"line":53,"column":17}},{"start":{"line":53,"column":21},"end":{"line":53,"column":30}}],"line":53},"4":{"loc":{"start":{"line":60,"column":8},"end":{"line":62,"column":9}},"type":"if","locations":[{"start":{"line":60,"column":8},"end":{"line":62,"column":9}},{"start":{},"end":{}}],"line":60},"5":{"loc":{"start":{"line":63,"column":8},"end":{"line":68,"column":9}},"type":"if","locations":[{"start":{"line":63,"column":8},"end":{"line":68,"column":9}},{"start":{"line":66,"column":15},"end":{"line":68,"column":9}}],"line":63},"6":{"loc":{"start":{"line":95,"column":8},"end":{"line":99,"column":9}},"type":"if","locations":[{"start":{"line":95,"column":8},"end":{"line":99,"column":9}},{"start":{},"end":{}}],"line":95},"7":{"loc":{"start":{"line":128,"column":8},"end":{"line":132,"column":9}},"type":"if","locations":[{"start":{"line":128,"column":8},"end":{"line":132,"column":9}},{"start":{"line":130,"column":15},"end":{"line":132,"column":9}}],"line":128},"8":{"loc":{"start":{"line":171,"column":8},"end":{"line":175,"column":9}},"type":"if","locations":[{"start":{"line":171,"column":8},"end":{"line":175,"column":9}},{"start":{"line":173,"column":15},"end":{"line":175,"column":9}}],"line":171},"9":{"loc":{"start":{"line":217,"column":8},"end":{"line":219,"column":9}},"type":"if","locations":[{"start":{"line":217,"column":8},"end":{"line":219,"column":9}},{"start":{},"end":{}}],"line":217}},"s":{"0":1,"1":1,"2":1,"3":1,"4":1,"5":1,"6":1,"7":1,"8":1,"9":1,"10":1,"11":1,"12":1,"13":10,"14":10,"15":10,"16":0,"17":1,"18":1,"19":1,"20":1,"21":3,"22":3,"23":1,"24":1,"25":2,"26":2,"27":2,"28":0,"29":2,"30":1,"31":1,"32":1,"33":0,"34":1,"35":2,"36":2,"37":2,"38":2,"39":1,"40":1,"41":1,"42":1,"43":1,"44":0,"45":1,"46":1,"47":1,"48":0,"49":0,"50":0,"51":1,"52":1,"53":1,"54":1,"55":1,"56":1,"57":1,"58":0,"59":1,"60":0,"61":0,"62":0,"63":0,"64":0,"65":0,"66":1,"67":0,"68":1,"69":1,"70":1,"71":1,"72":1,"73":1,"74":0,"75":1,"76":0,"77":1},"f":{"0":10,"1":3,"2":2,"3":1,"4":1,"5":0,"6":0,"7":1,"8":1},"b":{"0":[10,0],"1":[10,0],"2":[1,2],"3":[3,2],"4":[0,2],"5":[1,1],"6":[1,1],"7":[0,0],"8":[0,0],"9":[0,1]},"_coverageSchema":"1a1c01bbd47fc00a2c39e90264f33305004495a9","hash":"e860608bed4ebb033eda6582513562d1b722959b"}
,"C:\\Users\\jinse\\foo\\group-project-team-5-buy-and-sell\\backend\\models\\dbUtils.js": {"path":"C:\\Users\\jinse\\foo\\group-project-team-5-buy-and-sell\\backend\\models\\dbUtils.js","statementMap":{"0":{"start":{"line":9,"column":0},"end":{"line":9,"column":27}},"1":{"start":{"line":10,"column":0},"end":{"line":10,"column":21}},"2":{"start":{"line":13,"column":24},"end":{"line":13,"column":42}},"3":{"start":{"line":14,"column":23},"end":{"line":14,"column":43}},"4":{"start":{"line":24,"column":16},"end":{"line":35,"column":1}},"5":{"start":{"line":26,"column":2},"end":{"line":32,"column":31}},"6":{"start":{"line":27,"column":4},"end":{"line":29,"column":3}},"7":{"start":{"line":31,"column":4},"end":{"line":31,"column":27}},"8":{"start":{"line":34,"column":2},"end":{"line":34,"column":15}},"9":{"start":{"line":40,"column":14},"end":{"line":46,"column":1}},"10":{"start":{"line":42,"column":2},"end":{"line":44,"column":3}},"11":{"start":{"line":43,"column":4},"end":{"line":43,"column":20}},"12":{"start":{"line":45,"column":2},"end":{"line":45,"column":30}},"13":{"start":{"line":52,"column":31},"end":{"line":54,"column":1}},"14":{"start":{"line":53,"column":2},"end":{"line":53,"column":32}},"15":{"start":{"line":57,"column":0},"end":{"line":61,"column":4}}},"fnMap":{"0":{"name":"(anonymous_0)","decl":{"start":{"line":24,"column":16},"end":{"line":24,"column":17}},"loc":{"start":{"line":24,"column":28},"end":{"line":35,"column":1}},"line":24},"1":{"name":"(anonymous_1)","decl":{"start":{"line":40,"column":14},"end":{"line":40,"column":15}},"loc":{"start":{"line":40,"column":26},"end":{"line":46,"column":1}},"line":40},"2":{"name":"(anonymous_2)","decl":{"start":{"line":52,"column":31},"end":{"line":52,"column":32}},"loc":{"start":{"line":52,"column":43},"end":{"line":54,"column":1}},"line":52}},"branchMap":{"0":{"loc":{"start":{"line":42,"column":2},"end":{"line":44,"column":3}},"type":"if","locations":[{"start":{"line":42,"column":2},"end":{"line":44,"column":3}},{"start":{},"end":{}}],"line":42}},"s":{"0":1,"1":1,"2":1,"3":1,"4":1,"5":1,"6":1,"7":1,"8":0,"9":1,"10":7,"11":0,"12":7,"13":1,"14":1,"15":1},"f":{"0":1,"1":7,"2":1},"b":{"0":[0,7]},"_coverageSchema":"1a1c01bbd47fc00a2c39e90264f33305004495a9","hash":"ee0242c1feaf641299dc43b1f7887cc8bf179d8a"}
,"C:\\Users\\jinse\\foo\\group-project-team-5-buy-and-sell\\backend\\models\\users.js": {"path":"C:\\Users\\jinse\\foo\\group-project-team-5-buy-and-sell\\backend\\models\\users.js","statementMap":{"0":{"start":{"line":4,"column":21},"end":{"line":4,"column":39}},"1":{"start":{"line":5,"column":18},"end":{"line":5,"column":38}},"2":{"start":{"line":14,"column":19},"end":{"line":25,"column":1}},"3":{"start":{"line":15,"column":2},"end":{"line":24,"column":3}},"4":{"start":{"line":17,"column":15},"end":{"line":17,"column":28}},"5":{"start":{"line":18,"column":19},"end":{"line":18,"column":66}},"6":{"start":{"line":21,"column":4},"end":{"line":21,"column":29}},"7":{"start":{"line":23,"column":4},"end":{"line":23,"column":16}},"8":{"start":{"line":31,"column":20},"end":{"line":41,"column":1}},"9":{"start":{"line":32,"column":2},"end":{"line":40,"column":3}},"10":{"start":{"line":34,"column":15},"end":{"line":34,"column":28}},"11":{"start":{"line":35,"column":19},"end":{"line":35,"column":66}},"12":{"start":{"line":37,"column":4},"end":{"line":37,"column":18}},"13":{"start":{"line":39,"column":4},"end":{"line":39,"column":16}},"14":{"start":{"line":48,"column":16},"end":{"line":57,"column":1}},"15":{"start":{"line":49,"column":2},"end":{"line":56,"column":3}},"16":{"start":{"line":51,"column":15},"end":{"line":51,"column":28}},"17":{"start":{"line":52,"column":19},"end":{"line":52,"column":86}},"18":{"start":{"line":53,"column":4},"end":{"line":53,"column":18}},"19":{"start":{"line":55,"column":4},"end":{"line":55,"column":16}},"20":{"start":{"line":64,"column":26},"end":{"line":73,"column":1}},"21":{"start":{"line":65,"column":2},"end":{"line":72,"column":3}},"22":{"start":{"line":67,"column":15},"end":{"line":67,"column":28}},"23":{"start":{"line":68,"column":19},"end":{"line":68,"column":69}},"24":{"start":{"line":69,"column":4},"end":{"line":69,"column":18}},"25":{"start":{"line":71,"column":4},"end":{"line":71,"column":16}},"26":{"start":{"line":76,"column":19},"end":{"line":88,"column":1}},"27":{"start":{"line":77,"column":2},"end":{"line":87,"column":3}},"28":{"start":{"line":79,"column":15},"end":{"line":79,"column":28}},"29":{"start":{"line":80,"column":19},"end":{"line":83,"column":5}},"30":{"start":{"line":84,"column":4},"end":{"line":84,"column":18}},"31":{"start":{"line":86,"column":4},"end":{"line":86,"column":16}},"32":{"start":{"line":91,"column":19},"end":{"line":102,"column":1}},"33":{"start":{"line":92,"column":2},"end":{"line":101,"column":3}},"34":{"start":{"line":94,"column":15},"end":{"line":94,"column":28}},"35":{"start":{"line":95,"column":19},"end":{"line":97,"column":5}},"36":{"start":{"line":98,"column":4},"end":{"line":98,"column":18}},"37":{"start":{"line":100,"column":4},"end":{"line":100,"column":16}},"38":{"start":{"line":105,"column":0},"end":{"line":112,"column":2}}},"fnMap":{"0":{"name":"(anonymous_0)","decl":{"start":{"line":14,"column":19},"end":{"line":14,"column":20}},"loc":{"start":{"line":14,"column":38},"end":{"line":25,"column":1}},"line":14},"1":{"name":"(anonymous_1)","decl":{"start":{"line":31,"column":20},"end":{"line":31,"column":21}},"loc":{"start":{"line":31,"column":32},"end":{"line":41,"column":1}},"line":31},"2":{"name":"(anonymous_2)","decl":{"start":{"line":48,"column":16},"end":{"line":48,"column":17}},"loc":{"start":{"line":48,"column":34},"end":{"line":57,"column":1}},"line":48},"3":{"name":"(anonymous_3)","decl":{"start":{"line":64,"column":26},"end":{"line":64,"column":27}},"loc":{"start":{"line":64,"column":46},"end":{"line":73,"column":1}},"line":64},"4":{"name":"(anonymous_4)","decl":{"start":{"line":76,"column":19},"end":{"line":76,"column":20}},"loc":{"start":{"line":76,"column":47},"end":{"line":88,"column":1}},"line":76},"5":{"name":"(anonymous_5)","decl":{"start":{"line":91,"column":19},"end":{"line":91,"column":20}},"loc":{"start":{"line":91,"column":37},"end":{"line":102,"column":1}},"line":91}},"branchMap":{},"s":{"0":1,"1":1,"2":1,"3":1,"4":1,"5":1,"6":1,"7":0,"8":1,"9":0,"10":0,"11":0,"12":0,"13":0,"14":1,"15":0,"16":0,"17":0,"18":0,"19":0,"20":1,"21":5,"22":5,"23":5,"24":5,"25":0,"26":1,"27":1,"28":1,"29":1,"30":0,"31":1,"32":1,"33":0,"34":0,"35":0,"36":0,"37":0,"38":1},"f":{"0":1,"1":0,"2":0,"3":5,"4":1,"5":0},"b":{},"_coverageSchema":"1a1c01bbd47fc00a2c39e90264f33305004495a9","hash":"7d3f43ce9d9934d20f89fd1a1e5d4d9fb896aece"}
,"C:\\Users\\jinse\\foo\\group-project-team-5-buy-and-sell\\backend\\routes\\awsRoutes.js": {"path":"C:\\Users\\jinse\\foo\\group-project-team-5-buy-and-sell\\backend\\routes\\awsRoutes.js","statementMap":{"0":{"start":{"line":1,"column":16},"end":{"line":1,"column":34}},"1":{"start":{"line":2,"column":12},"end":{"line":2,"column":30}},"2":{"start":{"line":3,"column":0},"end":{"line":3,"column":27}},"3":{"start":{"line":5,"column":15},"end":{"line":5,"column":31}},"4":{"start":{"line":9,"column":0},"end":{"line":13,"column":3}},"5":{"start":{"line":15,"column":11},"end":{"line":15,"column":23}},"6":{"start":{"line":18,"column":0},"end":{"line":31,"column":3}},"7":{"start":{"line":19,"column":17},"end":{"line":23,"column":3}},"8":{"start":{"line":25,"column":2},"end":{"line":30,"column":5}},"9":{"start":{"line":26,"column":4},"end":{"line":28,"column":5}},"10":{"start":{"line":27,"column":6},"end":{"line":27,"column":79}},"11":{"start":{"line":29,"column":4},"end":{"line":29,"column":29}},"12":{"start":{"line":33,"column":0},"end":{"line":33,"column":24}}},"fnMap":{"0":{"name":"(anonymous_0)","decl":{"start":{"line":18,"column":38},"end":{"line":18,"column":39}},"loc":{"start":{"line":18,"column":52},"end":{"line":31,"column":1}},"line":18},"1":{"name":"(anonymous_1)","decl":{"start":{"line":25,"column":39},"end":{"line":25,"column":40}},"loc":{"start":{"line":25,"column":53},"end":{"line":30,"column":3}},"line":25}},"branchMap":{"0":{"loc":{"start":{"line":26,"column":4},"end":{"line":28,"column":5}},"type":"if","locations":[{"start":{"line":26,"column":4},"end":{"line":28,"column":5}},{"start":{},"end":{}}],"line":26}},"s":{"0":1,"1":1,"2":1,"3":1,"4":1,"5":1,"6":1,"7":0,"8":0,"9":0,"10":0,"11":0,"12":1},"f":{"0":0,"1":0},"b":{"0":[0,0]},"_coverageSchema":"1a1c01bbd47fc00a2c39e90264f33305004495a9","hash":"584d1f93d6152e8b3d8aa7df0e94a048fb14d78b"}
,"C:\\Users\\jinse\\foo\\group-project-team-5-buy-and-sell\\backend\\routes\\itemRoutes.js": {"path":"C:\\Users\\jinse\\foo\\group-project-team-5-buy-and-sell\\backend\\routes\\itemRoutes.js","statementMap":{"0":{"start":{"line":1,"column":16},"end":{"line":1,"column":34}},"1":{"start":{"line":2,"column":21},"end":{"line":2,"column":39}},"2":{"start":{"line":3,"column":18},"end":{"line":3,"column":46}},"3":{"start":{"line":4,"column":24},"end":{"line":4,"column":54}},"4":{"start":{"line":6,"column":15},"end":{"line":6,"column":31}},"5":{"start":{"line":9,"column":0},"end":{"line":9,"column":24}},"6":{"start":{"line":12,"column":0},"end":{"line":38,"column":3}},"7":{"start":{"line":13,"column":4},"end":{"line":15,"column":5}},"8":{"start":{"line":14,"column":8},"end":{"line":14,"column":88}},"9":{"start":{"line":17,"column":15},"end":{"line":17,"column":28}},"10":{"start":{"line":18,"column":28},"end":{"line":18,"column":50}},"11":{"start":{"line":20,"column":4},"end":{"line":37,"column":5}},"12":{"start":{"line":21,"column":24},"end":{"line":31,"column":9}},"13":{"start":{"line":33,"column":8},"end":{"line":33,"column":49}},"14":{"start":{"line":34,"column":8},"end":{"line":34,"column":76}},"15":{"start":{"line":36,"column":8},"end":{"line":36,"column":104}},"16":{"start":{"line":41,"column":0},"end":{"line":59,"column":3}},"17":{"start":{"line":42,"column":4},"end":{"line":44,"column":5}},"18":{"start":{"line":43,"column":8},"end":{"line":43,"column":65}},"19":{"start":{"line":46,"column":15},"end":{"line":46,"column":28}},"20":{"start":{"line":47,"column":28},"end":{"line":47,"column":50}},"21":{"start":{"line":49,"column":4},"end":{"line":58,"column":5}},"22":{"start":{"line":50,"column":21},"end":{"line":50,"column":92}},"23":{"start":{"line":52,"column":8},"end":{"line":54,"column":9}},"24":{"start":{"line":53,"column":12},"end":{"line":53,"column":71}},"25":{"start":{"line":55,"column":8},"end":{"line":55,"column":30}},"26":{"start":{"line":57,"column":8},"end":{"line":57,"column":70}},"27":{"start":{"line":61,"column":0},"end":{"line":61,"column":24}}},"fnMap":{"0":{"name":"(anonymous_0)","decl":{"start":{"line":12,"column":24},"end":{"line":12,"column":25}},"loc":{"start":{"line":12,"column":44},"end":{"line":38,"column":1}},"line":12},"1":{"name":"(anonymous_1)","decl":{"start":{"line":41,"column":23},"end":{"line":41,"column":24}},"loc":{"start":{"line":41,"column":43},"end":{"line":59,"column":1}},"line":41}},"branchMap":{"0":{"loc":{"start":{"line":13,"column":4},"end":{"line":15,"column":5}},"type":"if","locations":[{"start":{"line":13,"column":4},"end":{"line":15,"column":5}},{"start":{},"end":{}}],"line":13},"1":{"loc":{"start":{"line":42,"column":4},"end":{"line":44,"column":5}},"type":"if","locations":[{"start":{"line":42,"column":4},"end":{"line":44,"column":5}},{"start":{},"end":{}}],"line":42},"2":{"loc":{"start":{"line":52,"column":8},"end":{"line":54,"column":9}},"type":"if","locations":[{"start":{"line":52,"column":8},"end":{"line":54,"column":9}},{"start":{},"end":{}}],"line":52}},"s":{"0":1,"1":1,"2":1,"3":1,"4":1,"5":1,"6":1,"7":0,"8":0,"9":0,"10":0,"11":0,"12":0,"13":0,"14":0,"15":0,"16":1,"17":0,"18":0,"19":0,"20":0,"21":0,"22":0,"23":0,"24":0,"25":0,"26":0,"27":1},"f":{"0":0,"1":0},"b":{"0":[0,0],"1":[0,0],"2":[0,0]},"_coverageSchema":"1a1c01bbd47fc00a2c39e90264f33305004495a9","hash":"b1833c98077d5bf3fa3de283e93fede2ed9f057b"}
,"C:\\Users\\jinse\\foo\\group-project-team-5-buy-and-sell\\backend\\tests\\testUtils.js": {"path":"C:\\Users\\jinse\\foo\\group-project-team-5-buy-and-sell\\backend\\tests\\testUtils.js","statementMap":{"0":{"start":{"line":1,"column":29},"end":{"line":9,"column":3}},"1":{"start":{"line":2,"column":4},"end":{"line":8,"column":5}},"2":{"start":{"line":3,"column":21},"end":{"line":3,"column":93}},"3":{"start":{"line":4,"column":31},"end":{"line":4,"column":37}},"4":{"start":{"line":5,"column":6},"end":{"line":5,"column":26}},"5":{"start":{"line":7,"column":6},"end":{"line":7,"column":67}},"6":{"start":{"line":11,"column":2},"end":{"line":13,"column":4}}},"fnMap":{"0":{"name":"(anonymous_0)","decl":{"start":{"line":1,"column":29},"end":{"line":1,"column":30}},"loc":{"start":{"line":1,"column":53},"end":{"line":9,"column":3}},"line":1}},"branchMap":{},"s":{"0":1,"1":1,"2":1,"3":1,"4":1,"5":0,"6":1},"f":{"0":1},"b":{},"_coverageSchema":"1a1c01bbd47fc00a2c39e90264f33305004495a9","hash":"0e4feade6281a9c3c45906159ff3ad9ac5bc3ce1"}
}
