{"/Users/jinseokim/github/group-project-team-5-buy-and-sell/backend/config.js": {"path":"/Users/jinseokim/github/group-project-team-5-buy-and-sell/backend/config.js","statementMap":{"0":{"start":{"line":1,"column":0},"end":{"line":4,"column":4}}},"fnMap":{},"branchMap":{},"s":{"0":1},"f":{},"b":{},"_coverageSchema":"1a1c01bbd47fc00a2c39e90264f33305004495a9","hash":"178e98ce75d0bf27105a8382dae185d9480c8463"}
,"/Users/jinseokim/github/group-project-team-5-buy-and-sell/backend/controllers/auth.js": {"path":"/Users/jinseokim/github/group-project-team-5-buy-and-sell/backend/controllers/auth.js","statementMap":{"0":{"start":{"line":1,"column":12},"end":{"line":1,"column":35}},"1":{"start":{"line":2,"column":0},"end":{"line":2,"column":27}},"2":{"start":{"line":3,"column":30},"end":{"line":3,"column":56}},"3":{"start":{"line":10,"column":25},"end":{"line":19,"column":1}},"4":{"start":{"line":11,"column":4},"end":{"line":18,"column":5}},"5":{"start":{"line":12,"column":22},"end":{"line":12,"column":95}},"6":{"start":{"line":13,"column":8},"end":{"line":13,"column":36}},"7":{"start":{"line":14,"column":8},"end":{"line":14,"column":21}},"8":{"start":{"line":16,"column":8},"end":{"line":16,"column":65}},"9":{"start":{"line":17,"column":8},"end":{"line":17,"column":50}},"10":{"start":{"line":26,"column":19},"end":{"line":42,"column":1}},"11":{"start":{"line":27,"column":4},"end":{"line":41,"column":5}},"12":{"start":{"line":28,"column":24},"end":{"line":28,"column":69}},"13":{"start":{"line":29,"column":8},"end":{"line":29,"column":40}},"14":{"start":{"line":30,"column":21},"end":{"line":30,"column":62}},"15":{"start":{"line":31,"column":8},"end":{"line":33,"column":9}},"16":{"start":{"line":32,"column":12},"end":{"line":32,"column":21}},"17":{"start":{"line":34,"column":8},"end":{"line":34,"column":17}},"18":{"start":{"line":36,"column":8},"end":{"line":36,"column":59}},"19":{"start":{"line":37,"column":8},"end":{"line":39,"column":9}},"20":{"start":{"line":38,"column":12},"end":{"line":38,"column":21}},"21":{"start":{"line":40,"column":8},"end":{"line":40,"column":17}},"22":{"start":{"line":44,"column":0},"end":{"line":44,"column":50}}},"fnMap":{"0":{"name":"(anonymous_0)","decl":{"start":{"line":10,"column":25},"end":{"line":10,"column":26}},"loc":{"start":{"line":10,"column":39},"end":{"line":19,"column":1}},"line":10},"1":{"name":"(anonymous_1)","decl":{"start":{"line":26,"column":19},"end":{"line":26,"column":20}},"loc":{"start":{"line":26,"column":36},"end":{"line":42,"column":1}},"line":26}},"branchMap":{"0":{"loc":{"start":{"line":31,"column":8},"end":{"line":33,"column":9}},"type":"if","locations":[{"start":{"line":31,"column":8},"end":{"line":33,"column":9}},{"start":{},"end":{}}],"line":31},"1":{"loc":{"start":{"line":37,"column":8},"end":{"line":39,"column":9}},"type":"if","locations":[{"start":{"line":37,"column":8},"end":{"line":39,"column":9}},{"start":{},"end":{}}],"line":37}},"s":{"0":1,"1":1,"2":1,"3":1,"4":1,"5":1,"6":1,"7":1,"8":0,"9":0,"10":1,"11":0,"12":0,"13":0,"14":0,"15":0,"16":0,"17":0,"18":0,"19":0,"20":0,"21":0,"22":1},"f":{"0":1,"1":0},"b":{"0":[0,0],"1":[0,0]},"_coverageSchema":"1a1c01bbd47fc00a2c39e90264f33305004495a9","hash":"60140444d92bf2f53c83086a532a4699abcae583"}
,"/Users/jinseokim/github/group-project-team-5-buy-and-sell/backend/controllers/server.js": {"path":"/Users/jinseokim/github/group-project-team-5-buy-and-sell/backend/controllers/server.js","statementMap":{"0":{"start":{"line":1,"column":16},"end":{"line":1,"column":34}},"1":{"start":{"line":2,"column":13},"end":{"line":2,"column":28}},"2":{"start":{"line":3,"column":15},"end":{"line":3,"column":32}},"3":{"start":{"line":4,"column":15},"end":{"line":4,"column":32}},"4":{"start":{"line":6,"column":29},"end":{"line":6,"column":46}},"5":{"start":{"line":7,"column":14},"end":{"line":7,"column":40}},"6":{"start":{"line":9,"column":0},"end":{"line":9,"column":16}},"7":{"start":{"line":10,"column":12},"end":{"line":10,"column":21}},"8":{"start":{"line":11,"column":0},"end":{"line":11,"column":24}},"9":{"start":{"line":12,"column":0},"end":{"line":12,"column":48}},"10":{"start":{"line":13,"column":0},"end":{"line":13,"column":16}},"11":{"start":{"line":16,"column":0},"end":{"line":39,"column":3}},"12":{"start":{"line":17,"column":35},"end":{"line":17,"column":43}},"13":{"start":{"line":19,"column":4},"end":{"line":22,"column":5}},"14":{"start":{"line":20,"column":8},"end":{"line":20,"column":75}},"15":{"start":{"line":21,"column":8},"end":{"line":21,"column":15}},"16":{"start":{"line":24,"column":4},"end":{"line":38,"column":5}},"17":{"start":{"line":25,"column":21},"end":{"line":25,"column":60}},"18":{"start":{"line":26,"column":8},"end":{"line":28,"column":9}},"19":{"start":{"line":27,"column":12},"end":{"line":27,"column":81}},"20":{"start":{"line":29,"column":8},"end":{"line":34,"column":9}},"21":{"start":{"line":30,"column":32},"end":{"line":30,"column":63}},"22":{"start":{"line":31,"column":12},"end":{"line":31,"column":50}},"23":{"start":{"line":33,"column":12},"end":{"line":33,"column":81}},"24":{"start":{"line":36,"column":8},"end":{"line":36,"column":27}},"25":{"start":{"line":37,"column":8},"end":{"line":37,"column":56}},"26":{"start":{"line":42,"column":0},"end":{"line":71,"column":3}},"27":{"start":{"line":45,"column":8},"end":{"line":45,"column":16}},"28":{"start":{"line":47,"column":4},"end":{"line":70,"column":5}},"29":{"start":{"line":49,"column":29},"end":{"line":49,"column":68}},"30":{"start":{"line":50,"column":8},"end":{"line":54,"column":9}},"31":{"start":{"line":52,"column":12},"end":{"line":52,"column":89}},"32":{"start":{"line":53,"column":12},"end":{"line":53,"column":19}},"33":{"start":{"line":57,"column":31},"end":{"line":57,"column":62}},"34":{"start":{"line":60,"column":8},"end":{"line":62,"column":11}},"35":{"start":{"line":65,"column":8},"end":{"line":65,"column":88}},"36":{"start":{"line":68,"column":8},"end":{"line":68,"column":27}},"37":{"start":{"line":69,"column":8},"end":{"line":69,"column":71}},"38":{"start":{"line":74,"column":0},"end":{"line":85,"column":3}},"39":{"start":{"line":75,"column":4},"end":{"line":84,"column":5}},"40":{"start":{"line":76,"column":21},"end":{"line":76,"column":59}},"41":{"start":{"line":77,"column":8},"end":{"line":81,"column":9}},"42":{"start":{"line":78,"column":12},"end":{"line":78,"column":62}},"43":{"start":{"line":80,"column":12},"end":{"line":80,"column":27}},"44":{"start":{"line":83,"column":8},"end":{"line":83,"column":63}},"45":{"start":{"line":88,"column":0},"end":{"line":97,"column":3}},"46":{"start":{"line":89,"column":25},"end":{"line":89,"column":33}},"47":{"start":{"line":90,"column":4},"end":{"line":96,"column":5}},"48":{"start":{"line":91,"column":31},"end":{"line":91,"column":62}},"49":{"start":{"line":92,"column":23},"end":{"line":92,"column":90}},"50":{"start":{"line":93,"column":8},"end":{"line":93,"column":54}},"51":{"start":{"line":95,"column":8},"end":{"line":95,"column":65}},"52":{"start":{"line":100,"column":0},"end":{"line":111,"column":3}},"53":{"start":{"line":101,"column":4},"end":{"line":110,"column":5}},"54":{"start":{"line":102,"column":23},"end":{"line":102,"column":60}},"55":{"start":{"line":103,"column":8},"end":{"line":107,"column":9}},"56":{"start":{"line":104,"column":12},"end":{"line":104,"column":74}},"57":{"start":{"line":106,"column":12},"end":{"line":106,"column":50}},"58":{"start":{"line":109,"column":8},"end":{"line":109,"column":65}},"59":{"start":{"line":114,"column":0},"end":{"line":116,"column":3}},"60":{"start":{"line":115,"column":4},"end":{"line":115,"column":61}},"61":{"start":{"line":118,"column":0},"end":{"line":118,"column":21}}},"fnMap":{"0":{"name":"(anonymous_0)","decl":{"start":{"line":16,"column":19},"end":{"line":16,"column":20}},"loc":{"start":{"line":16,"column":39},"end":{"line":39,"column":1}},"line":16},"1":{"name":"(anonymous_1)","decl":{"start":{"line":42,"column":22},"end":{"line":42,"column":23}},"loc":{"start":{"line":42,"column":42},"end":{"line":71,"column":1}},"line":42},"2":{"name":"(anonymous_2)","decl":{"start":{"line":74,"column":21},"end":{"line":74,"column":22}},"loc":{"start":{"line":74,"column":41},"end":{"line":85,"column":1}},"line":74},"3":{"name":"(anonymous_3)","decl":{"start":{"line":88,"column":21},"end":{"line":88,"column":22}},"loc":{"start":{"line":88,"column":41},"end":{"line":97,"column":1}},"line":88},"4":{"name":"(anonymous_4)","decl":{"start":{"line":100,"column":24},"end":{"line":100,"column":25}},"loc":{"start":{"line":100,"column":44},"end":{"line":111,"column":1}},"line":100},"5":{"name":"(anonymous_5)","decl":{"start":{"line":114,"column":13},"end":{"line":114,"column":14}},"loc":{"start":{"line":114,"column":27},"end":{"line":116,"column":1}},"line":114}},"branchMap":{"0":{"loc":{"start":{"line":19,"column":4},"end":{"line":22,"column":5}},"type":"if","locations":[{"start":{"line":19,"column":4},"end":{"line":22,"column":5}},{"start":{},"end":{}}],"line":19},"1":{"loc":{"start":{"line":19,"column":8},"end":{"line":19,"column":30}},"type":"binary-expr","locations":[{"start":{"line":19,"column":8},"end":{"line":19,"column":17}},{"start":{"line":19,"column":21},"end":{"line":19,"column":30}}],"line":19},"2":{"loc":{"start":{"line":26,"column":8},"end":{"line":28,"column":9}},"type":"if","locations":[{"start":{"line":26,"column":8},"end":{"line":28,"column":9}},{"start":{},"end":{}}],"line":26},"3":{"loc":{"start":{"line":29,"column":8},"end":{"line":34,"column":9}},"type":"if","locations":[{"start":{"line":29,"column":8},"end":{"line":34,"column":9}},{"start":{"line":32,"column":15},"end":{"line":34,"column":9}}],"line":29},"4":{"loc":{"start":{"line":50,"column":8},"end":{"line":54,"column":9}},"type":"if","locations":[{"start":{"line":50,"column":8},"end":{"line":54,"column":9}},{"start":{},"end":{}}],"line":50},"5":{"loc":{"start":{"line":77,"column":8},"end":{"line":81,"column":9}},"type":"if","locations":[{"start":{"line":77,"column":8},"end":{"line":81,"column":9}},{"start":{"line":79,"column":15},"end":{"line":81,"column":9}}],"line":77},"6":{"loc":{"start":{"line":103,"column":8},"end":{"line":107,"column":9}},"type":"if","locations":[{"start":{"line":103,"column":8},"end":{"line":107,"column":9}},{"start":{"line":105,"column":15},"end":{"line":107,"column":9}}],"line":103}},"s":{"0":1,"1":1,"2":1,"3":1,"4":1,"5":1,"6":1,"7":1,"8":1,"9":1,"10":1,"11":1,"12":3,"13":3,"14":1,"15":1,"16":2,"17":2,"18":2,"19":0,"20":2,"21":1,"22":1,"23":1,"24":0,"25":0,"26":1,"27":2,"28":2,"29":2,"30":2,"31":1,"32":1,"33":1,"34":1,"35":1,"36":0,"37":0,"38":1,"39":0,"40":0,"41":0,"42":0,"43":0,"44":0,"45":1,"46":0,"47":0,"48":0,"49":0,"50":0,"51":0,"52":1,"53":0,"54":0,"55":0,"56":0,"57":0,"58":0,"59":1,"60":0,"61":1},"f":{"0":3,"1":2,"2":0,"3":0,"4":0,"5":0},"b":{"0":[1,2],"1":[3,2],"2":[0,2],"3":[1,1],"4":[1,1],"5":[0,0],"6":[0,0]},"_coverageSchema":"1a1c01bbd47fc00a2c39e90264f33305004495a9","hash":"d2a0382d40515a54621cf5cdea3db5b627a43fb4"}
,"/Users/jinseokim/github/group-project-team-5-buy-and-sell/backend/models/dbUtils.js": {"path":"/Users/jinseokim/github/group-project-team-5-buy-and-sell/backend/models/dbUtils.js","statementMap":{"0":{"start":{"line":4,"column":0},"end":{"line":4,"column":27}},"1":{"start":{"line":5,"column":0},"end":{"line":5,"column":21}},"2":{"start":{"line":8,"column":24},"end":{"line":8,"column":42}},"3":{"start":{"line":9,"column":23},"end":{"line":9,"column":43}},"4":{"start":{"line":19,"column":16},"end":{"line":33,"column":1}},"5":{"start":{"line":21,"column":2},"end":{"line":30,"column":3}},"6":{"start":{"line":22,"column":4},"end":{"line":24,"column":3}},"7":{"start":{"line":26,"column":4},"end":{"line":26,"column":73}},"8":{"start":{"line":27,"column":4},"end":{"line":27,"column":27}},"9":{"start":{"line":29,"column":4},"end":{"line":29,"column":29}},"10":{"start":{"line":32,"column":2},"end":{"line":32,"column":15}},"11":{"start":{"line":38,"column":14},"end":{"line":44,"column":1}},"12":{"start":{"line":40,"column":2},"end":{"line":42,"column":3}},"13":{"start":{"line":41,"column":4},"end":{"line":41,"column":20}},"14":{"start":{"line":43,"column":2},"end":{"line":43,"column":30}},"15":{"start":{"line":50,"column":31},"end":{"line":52,"column":1}},"16":{"start":{"line":51,"column":2},"end":{"line":51,"column":32}},"17":{"start":{"line":55,"column":0},"end":{"line":59,"column":4}}},"fnMap":{"0":{"name":"(anonymous_0)","decl":{"start":{"line":19,"column":16},"end":{"line":19,"column":17}},"loc":{"start":{"line":19,"column":28},"end":{"line":33,"column":1}},"line":19},"1":{"name":"(anonymous_1)","decl":{"start":{"line":38,"column":14},"end":{"line":38,"column":15}},"loc":{"start":{"line":38,"column":26},"end":{"line":44,"column":1}},"line":38},"2":{"name":"(anonymous_2)","decl":{"start":{"line":50,"column":31},"end":{"line":50,"column":32}},"loc":{"start":{"line":50,"column":43},"end":{"line":52,"column":1}},"line":50}},"branchMap":{"0":{"loc":{"start":{"line":40,"column":2},"end":{"line":42,"column":3}},"type":"if","locations":[{"start":{"line":40,"column":2},"end":{"line":42,"column":3}},{"start":{},"end":{}}],"line":40}},"s":{"0":1,"1":1,"2":1,"3":1,"4":1,"5":1,"6":1,"7":1,"8":1,"9":0,"10":0,"11":1,"12":5,"13":0,"14":5,"15":1,"16":1,"17":1},"f":{"0":1,"1":5,"2":1},"b":{"0":[0,5]},"_coverageSchema":"1a1c01bbd47fc00a2c39e90264f33305004495a9","hash":"c849bcb9d516c4689977c9950409d17689f8b26f"}
,"/Users/jinseokim/github/group-project-team-5-buy-and-sell/backend/models/users.js": {"path":"/Users/jinseokim/github/group-project-team-5-buy-and-sell/backend/models/users.js","statementMap":{"0":{"start":{"line":4,"column":21},"end":{"line":4,"column":39}},"1":{"start":{"line":5,"column":42},"end":{"line":5,"column":62}},"2":{"start":{"line":14,"column":19},"end":{"line":28,"column":3}},"3":{"start":{"line":15,"column":4},"end":{"line":25,"column":5}},"4":{"start":{"line":17,"column":19},"end":{"line":17,"column":32}},"5":{"start":{"line":18,"column":23},"end":{"line":18,"column":70}},"6":{"start":{"line":20,"column":8},"end":{"line":20,"column":70}},"7":{"start":{"line":22,"column":8},"end":{"line":22,"column":33}},"8":{"start":{"line":24,"column":8},"end":{"line":24,"column":45}},"9":{"start":{"line":27,"column":4},"end":{"line":27,"column":17}},"10":{"start":{"line":34,"column":22},"end":{"line":47,"column":3}},"11":{"start":{"line":35,"column":4},"end":{"line":44,"column":5}},"12":{"start":{"line":37,"column":17},"end":{"line":37,"column":30}},"13":{"start":{"line":38,"column":21},"end":{"line":38,"column":68}},"14":{"start":{"line":40,"column":6},"end":{"line":40,"column":54}},"15":{"start":{"line":41,"column":6},"end":{"line":41,"column":20}},"16":{"start":{"line":43,"column":6},"end":{"line":43,"column":43}},"17":{"start":{"line":46,"column":4},"end":{"line":46,"column":17}},"18":{"start":{"line":54,"column":18},"end":{"line":67,"column":3}},"19":{"start":{"line":55,"column":4},"end":{"line":64,"column":5}},"20":{"start":{"line":57,"column":17},"end":{"line":57,"column":30}},"21":{"start":{"line":58,"column":21},"end":{"line":58,"column":88}},"22":{"start":{"line":60,"column":6},"end":{"line":60,"column":53}},"23":{"start":{"line":61,"column":6},"end":{"line":61,"column":20}},"24":{"start":{"line":63,"column":6},"end":{"line":63,"column":43}},"25":{"start":{"line":66,"column":4},"end":{"line":66,"column":17}},"26":{"start":{"line":74,"column":28},"end":{"line":85,"column":3}},"27":{"start":{"line":75,"column":4},"end":{"line":82,"column":5}},"28":{"start":{"line":77,"column":17},"end":{"line":77,"column":30}},"29":{"start":{"line":78,"column":21},"end":{"line":78,"column":71}},"30":{"start":{"line":79,"column":6},"end":{"line":79,"column":20}},"31":{"start":{"line":81,"column":6},"end":{"line":81,"column":43}},"32":{"start":{"line":84,"column":4},"end":{"line":84,"column":17}},"33":{"start":{"line":88,"column":21},"end":{"line":102,"column":3}},"34":{"start":{"line":89,"column":4},"end":{"line":99,"column":5}},"35":{"start":{"line":91,"column":17},"end":{"line":91,"column":30}},"36":{"start":{"line":92,"column":21},"end":{"line":95,"column":7}},"37":{"start":{"line":96,"column":6},"end":{"line":96,"column":20}},"38":{"start":{"line":98,"column":6},"end":{"line":98,"column":43}},"39":{"start":{"line":101,"column":4},"end":{"line":101,"column":17}},"40":{"start":{"line":105,"column":21},"end":{"line":120,"column":3}},"41":{"start":{"line":106,"column":4},"end":{"line":117,"column":5}},"42":{"start":{"line":108,"column":17},"end":{"line":108,"column":30}},"43":{"start":{"line":109,"column":21},"end":{"line":111,"column":7}},"44":{"start":{"line":113,"column":6},"end":{"line":113,"column":56}},"45":{"start":{"line":114,"column":6},"end":{"line":114,"column":20}},"46":{"start":{"line":116,"column":6},"end":{"line":116,"column":43}},"47":{"start":{"line":119,"column":4},"end":{"line":119,"column":17}},"48":{"start":{"line":123,"column":2},"end":{"line":130,"column":4}}},"fnMap":{"0":{"name":"(anonymous_0)","decl":{"start":{"line":14,"column":19},"end":{"line":14,"column":20}},"loc":{"start":{"line":14,"column":38},"end":{"line":28,"column":3}},"line":14},"1":{"name":"(anonymous_1)","decl":{"start":{"line":34,"column":22},"end":{"line":34,"column":23}},"loc":{"start":{"line":34,"column":34},"end":{"line":47,"column":3}},"line":34},"2":{"name":"(anonymous_2)","decl":{"start":{"line":54,"column":18},"end":{"line":54,"column":19}},"loc":{"start":{"line":54,"column":36},"end":{"line":67,"column":3}},"line":54},"3":{"name":"(anonymous_3)","decl":{"start":{"line":74,"column":28},"end":{"line":74,"column":29}},"loc":{"start":{"line":74,"column":48},"end":{"line":85,"column":3}},"line":74},"4":{"name":"(anonymous_4)","decl":{"start":{"line":88,"column":21},"end":{"line":88,"column":22}},"loc":{"start":{"line":88,"column":49},"end":{"line":102,"column":3}},"line":88},"5":{"name":"(anonymous_5)","decl":{"start":{"line":105,"column":21},"end":{"line":105,"column":22}},"loc":{"start":{"line":105,"column":39},"end":{"line":120,"column":3}},"line":105}},"branchMap":{},"s":{"0":1,"1":1,"2":1,"3":1,"4":1,"5":1,"6":1,"7":1,"8":0,"9":0,"10":1,"11":0,"12":0,"13":0,"14":0,"15":0,"16":0,"17":0,"18":1,"19":0,"20":0,"21":0,"22":0,"23":0,"24":0,"25":0,"26":1,"27":4,"28":4,"29":4,"30":4,"31":0,"32":0,"33":1,"34":0,"35":0,"36":0,"37":0,"38":0,"39":0,"40":1,"41":0,"42":0,"43":0,"44":0,"45":0,"46":0,"47":0,"48":1},"f":{"0":1,"1":0,"2":0,"3":4,"4":0,"5":0},"b":{},"_coverageSchema":"1a1c01bbd47fc00a2c39e90264f33305004495a9","hash":"fcd793dfdf315e391b6c1b0cc7b12da239dc7fbe"}
,"/Users/jinseokim/github/group-project-team-5-buy-and-sell/backend/tests/testUtils.js": {"path":"/Users/jinseokim/github/group-project-team-5-buy-and-sell/backend/tests/testUtils.js","statementMap":{"0":{"start":{"line":1,"column":29},"end":{"line":13,"column":3}},"1":{"start":{"line":2,"column":4},"end":{"line":12,"column":5}},"2":{"start":{"line":3,"column":21},"end":{"line":3,"column":93}},"3":{"start":{"line":4,"column":31},"end":{"line":4,"column":37}},"4":{"start":{"line":5,"column":6},"end":{"line":9,"column":7}},"5":{"start":{"line":6,"column":8},"end":{"line":6,"column":61}},"6":{"start":{"line":8,"column":8},"end":{"line":8,"column":59}},"7":{"start":{"line":11,"column":6},"end":{"line":11,"column":40}},"8":{"start":{"line":15,"column":2},"end":{"line":17,"column":4}}},"fnMap":{"0":{"name":"(anonymous_0)","decl":{"start":{"line":1,"column":29},"end":{"line":1,"column":30}},"loc":{"start":{"line":1,"column":53},"end":{"line":13,"column":3}},"line":1}},"branchMap":{"0":{"loc":{"start":{"line":5,"column":6},"end":{"line":9,"column":7}},"type":"if","locations":[{"start":{"line":5,"column":6},"end":{"line":9,"column":7}},{"start":{"line":7,"column":13},"end":{"line":9,"column":7}}],"line":5}},"s":{"0":1,"1":1,"2":1,"3":1,"4":1,"5":1,"6":0,"7":0,"8":1},"f":{"0":1},"b":{"0":[1,0]},"_coverageSchema":"1a1c01bbd47fc00a2c39e90264f33305004495a9","hash":"cbc2301c3dfc089152f5d60682b08e4d02b8141d"}
}
