TN:
SF:config.js
FNF:0
FNH:0
DA:1,1
LF:1
LH:1
BRF:0
BRH:0
end_of_record
TN:
SF:controllers/auth.js
FN:11,(anonymous_0)
FN:31,(anonymous_1)
FN:39,(anonymous_2)
FNF:3
FNH:3
FNDA:1,(anonymous_0)
FNDA:3,(anonymous_1)
FNDA:2,(anonymous_2)
DA:1,1
DA:2,1
DA:11,1
DA:12,1
DA:14,1
DA:15,1
DA:16,1
DA:18,0
DA:19,0
DA:31,1
DA:32,3
DA:33,3
DA:35,3
DA:36,1
DA:39,2
DA:40,2
DA:41,0
DA:44,2
DA:45,2
DA:46,2
DA:50,1
LF:21
LH:18
BRDA:33,0,0,3
BRDA:33,0,1,2
BRDA:35,1,0,1
BRDA:35,1,1,2
BRDA:40,2,0,0
BRDA:40,2,1,2
BRF:6
BRH:5
end_of_record
TN:
SF:controllers/server.js
FN:18,(anonymous_0)
FN:49,(anonymous_1)
FN:86,(anonymous_2)
FN:125,(anonymous_3)
FN:148,(anonymous_4)
FN:168,(anonymous_5)
FN:188,(anonymous_6)
FN:200,(anonymous_7)
FN:212,(anonymous_8)
FNF:9
FNH:7
FNDA:10,(anonymous_0)
FNDA:3,(anonymous_1)
FNDA:2,(anonymous_2)
FNDA:1,(anonymous_3)
FNDA:1,(anonymous_4)
FNDA:0,(anonymous_5)
FNDA:0,(anonymous_6)
FNDA:1,(anonymous_7)
FNDA:1,(anonymous_8)
DA:1,1
DA:2,1
DA:3,1
DA:4,1
DA:6,1
DA:7,1
DA:10,1
DA:11,1
DA:13,1
DA:14,1
DA:15,1
DA:16,1
DA:17,1
DA:19,10
DA:20,10
DA:21,10
DA:23,0
DA:34,1
DA:37,1
DA:38,1
DA:49,1
DA:50,3
DA:52,3
DA:53,1
DA:54,1
DA:57,2
DA:58,2
DA:59,2
DA:60,0
DA:62,2
DA:63,1
DA:64,1
DA:66,1
DA:69,0
DA:70,0
DA:86,1
DA:89,2
DA:91,2
DA:93,2
DA:94,2
DA:96,1
DA:97,1
DA:101,1
DA:104,1
DA:109,1
DA:112,0
DA:113,0
DA:125,1
DA:126,1
DA:127,1
DA:128,0
DA:129,0
DA:131,0
DA:134,1
DA:148,1
DA:149,1
DA:150,1
DA:151,1
DA:152,1
DA:153,1
DA:155,0
DA:168,1
DA:169,0
DA:170,0
DA:171,0
DA:172,0
DA:174,0
DA:177,0
DA:188,1
DA:189,0
DA:200,1
DA:201,1
DA:212,1
DA:213,1
DA:215,1
DA:217,1
DA:218,0
DA:222,1
DA:228,0
DA:229,0
DA:233,1
LF:81
LH:61
BRDA:20,0,0,10
BRDA:20,0,1,0
BRDA:20,1,0,10
BRDA:20,1,1,0
BRDA:52,2,0,1
BRDA:52,2,1,2
BRDA:52,3,0,3
BRDA:52,3,1,2
BRDA:59,4,0,0
BRDA:59,4,1,2
BRDA:62,5,0,1
BRDA:62,5,1,1
BRDA:94,6,0,1
BRDA:94,6,1,1
BRDA:128,7,0,0
BRDA:128,7,1,0
BRDA:171,8,0,0
BRDA:171,8,1,0
BRDA:217,9,0,0
BRDA:217,9,1,1
BRF:20
BRH:12
end_of_record
TN:
SF:models/dbUtils.js
FN:19,(anonymous_0)
FN:38,(anonymous_1)
FN:50,(anonymous_2)
FNF:3
FNH:3
FNDA:1,(anonymous_0)
FNDA:7,(anonymous_1)
FNDA:1,(anonymous_2)
DA:4,1
DA:5,1
DA:8,1
DA:9,1
DA:19,1
DA:21,1
DA:22,1
DA:26,1
DA:27,1
DA:29,0
DA:32,0
DA:38,1
DA:40,7
DA:41,0
DA:43,7
DA:50,1
DA:51,1
DA:55,1
LF:18
LH:15
BRDA:40,0,0,0
BRDA:40,0,1,7
BRF:2
BRH:1
end_of_record
TN:
SF:models/users.js
FN:14,(anonymous_0)
FN:34,(anonymous_1)
FN:54,(anonymous_2)
FN:74,(anonymous_3)
FN:88,(anonymous_4)
FN:105,(anonymous_5)
FNF:6
FNH:3
FNDA:1,(anonymous_0)
FNDA:0,(anonymous_1)
FNDA:0,(anonymous_2)
FNDA:5,(anonymous_3)
FNDA:1,(anonymous_4)
FNDA:0,(anonymous_5)
DA:4,1
DA:5,1
DA:14,1
DA:15,1
DA:17,1
DA:18,1
DA:20,1
DA:22,1
DA:24,0
DA:27,0
DA:34,1
DA:35,0
DA:37,0
DA:38,0
DA:40,0
DA:41,0
DA:43,0
DA:46,0
DA:54,1
DA:55,0
DA:57,0
DA:58,0
DA:60,0
DA:61,0
DA:63,0
DA:66,0
DA:74,1
DA:75,5
DA:77,5
DA:78,5
DA:79,5
DA:81,0
DA:84,0
DA:88,1
DA:89,1
DA:91,1
DA:92,1
DA:96,0
DA:98,1
DA:101,1
DA:105,1
DA:106,0
DA:108,0
DA:109,0
DA:113,0
DA:114,0
DA:116,0
DA:119,0
DA:123,1
LF:49
LH:23
BRF:0
BRH:0
end_of_record
TN:
SF:routes/awsRoutes.js
FN:18,(anonymous_0)
FN:25,(anonymous_1)
FNF:2
FNH:0
FNDA:0,(anonymous_0)
FNDA:0,(anonymous_1)
DA:1,1
DA:2,1
DA:3,1
DA:5,1
DA:9,1
DA:15,1
DA:18,1
DA:19,0
DA:25,0
DA:26,0
DA:27,0
DA:28,0
DA:29,0
DA:31,0
DA:35,1
LF:15
LH:8
BRDA:27,0,0,0
BRDA:27,0,1,0
BRF:2
BRH:0
end_of_record
TN:
SF:routes/itemRoutes.js
FN:13,(anonymous_0)
FN:44,(anonymous_1)
FNF:2
FNH:0
FNDA:0,(anonymous_0)
FNDA:0,(anonymous_1)
DA:1,1
DA:2,1
DA:3,1
DA:4,1
DA:5,1
DA:7,1
DA:10,1
DA:13,1
DA:14,0
DA:15,0
DA:18,0
DA:19,0
DA:21,0
DA:22,0
DA:34,0
DA:37,0
DA:39,0
DA:44,1
DA:45,0
DA:46,0
DA:49,0
DA:50,0
DA:52,0
DA:53,0
DA:55,0
DA:56,0
DA:58,0
DA:61,0
DA:62,0
DA:66,1
LF:30
LH:10
BRDA:14,0,0,0
BRDA:14,0,1,0
BRDA:45,1,0,0
BRDA:45,1,1,0
BRDA:55,2,0,0
BRDA:55,2,1,0
BRF:6
BRH:0
end_of_record
TN:
SF:tests/testUtils.js
FN:1,(anonymous_0)
FNF:1
FNH:1
FNDA:1,(anonymous_0)
DA:1,1
DA:2,1
DA:3,1
DA:4,1
DA:5,1
DA:6,1
DA:8,0
DA:11,0
DA:15,1
LF:9
LH:7
BRDA:5,0,0,1
BRDA:5,0,1,0
BRF:2
BRH:1
end_of_record
